app/build/outputs/mapping/debug/mapping.txt
# compiler: R8
# compiler_version: 1.5.69
# min_api: 21
# pg_map_id: 51cf91f
com.mark.cyberpunkplayer.DataBinderMapperImpl -> com.mark.cyberpunkplayer.DataBinderMapperImpl:
    android.util.SparseIntArray INTERNAL_LAYOUT_ID_LOOKUP -> a
    23:27:void <clinit>() -> <clinit>
    20:20:void <init>() -> <init>
    83:85:java.util.List collectDependencies() -> collectDependencies
    77:78:java.lang.String convertBrIdToString(int) -> convertBrIdToString
    31:46:androidx.databinding.ViewDataBinding getDataBinder(androidx.databinding.DataBindingComponent,android.view.View,int) -> getDataBinder
    51:52:androidx.databinding.ViewDataBinding getDataBinder(androidx.databinding.DataBindingComponent,android.view.View[],int) -> getDataBinder
    68:72:int getLayoutId(java.lang.String) -> getLayoutId
com.mark.cyberpunkplayer.DataBinderMapperImpl$InnerBrLookup -> com.mark.cyberpunkplayer.DataBinderMapperImpl$a:
    android.util.SparseArray sKeys -> a
    89:94:void <clinit>() -> <clinit>
com.mark.cyberpunkplayer.DataBinderMapperImpl$InnerLayoutIdLookup -> com.mark.cyberpunkplayer.DataBinderMapperImpl$b:
    java.util.HashMap sKeys -> a
    98:102:void <clinit>() -> <clinit>
com.mark.cyberpunkplayer.R$anim -> com.mark.cyberpunkplayer.R$anim:
    11:11:void <init>() -> <init>
com.mark.cyberpunkplayer.R$animator -> com.mark.cyberpunkplayer.R$animator:
    45:45:void <init>() -> <init>
com.mark.cyberpunkplayer.R$attr -> com.mark.cyberpunkplayer.R$attr:
    62:62:void <init>() -> <init>
com.mark.cyberpunkplayer.R$bool -> com.mark.cyberpunkplayer.R$bool:
    6082:6082:void <init>() -> <init>
com.mark.cyberpunkplayer.R$color -> com.mark.cyberpunkplayer.R$color:
    6088:6088:void <init>() -> <init>
com.mark.cyberpunkplayer.R$dimen -> com.mark.cyberpunkplayer.R$dimen:
    6517:6517:void <init>() -> <init>
com.mark.cyberpunkplayer.R$drawable -> com.mark.cyberpunkplayer.R$drawable:
    7275:7275:void <init>() -> <init>
com.mark.cyberpunkplayer.R$id -> com.mark.cyberpunkplayer.R$id:
    7459:7459:void <init>() -> <init>
com.mark.cyberpunkplayer.R$integer -> com.mark.cyberpunkplayer.R$integer:
    7836:7836:void <init>() -> <init>
com.mark.cyberpunkplayer.R$interpolator -> com.mark.cyberpunkplayer.R$interpolator:
    7860:7860:void <init>() -> <init>
com.mark.cyberpunkplayer.R$layout -> com.mark.cyberpunkplayer.R$layout:
    7873:7873:void <init>() -> <init>
com.mark.cyberpunkplayer.R$menu -> com.mark.cyberpunkplayer.R$menu:
    7994:7994:void <init>() -> <init>
com.mark.cyberpunkplayer.R$plurals -> com.mark.cyberpunkplayer.R$plurals:
    7998:7998:void <init>() -> <init>
com.mark.cyberpunkplayer.R$string -> com.mark.cyberpunkplayer.R$string:
    8001:8001:void <init>() -> <init>
com.mark.cyberpunkplayer.R$style -> com.mark.cyberpunkplayer.R$style:
    8109:8109:void <init>() -> <init>
com.mark.cyberpunkplayer.R$styleable -> com.mark.cyberpunkplayer.R$styleable:
    8863:25258:void <clinit>() -> <clinit>
    8791:8791:void <init>() -> <init>
com.mark.cyberpunkplayer.R$transition -> com.mark.cyberpunkplayer.R$transition:
    25302:25302:void <init>() -> <init>
com.mark.cyberpunkplayer.R$xml -> com.mark.cyberpunkplayer.R$xml:
    25306:25306:void <init>() -> <init>
com.mark.cyberpunkplayer.app.AppManager -> b.c.a.a.a:
    android.app.Activity activity -> a
    8:8:android.app.Activity getActivity() -> a
    12:13:void setActivity(android.app.Activity) -> a
com.mark.cyberpunkplayer.app.Constants -> b.c.a.a.b:
    java.lang.String[] FILTER_PATH -> a
    9:9:void <clinit>() -> <clinit>
com.mark.cyberpunkplayer.app.MainApplication -> com.mark.cyberpunkplayer.app.MainApplication:
    android.app.Application instance -> a
    14:14:void <init>() -> <init>
    53:89:void registerActivityCallBack() -> a
    48:50:void attachBaseContext(android.content.Context) -> attachBaseContext
    20:20:android.app.Application getInstance() -> b
    25:32:void onCreate() -> onCreate
...
androidx.appcompat.widget.AppCompatSpinner$DropdownPopup$1 -> androidx.appcompat.widget.AppCompatSpinner$DropdownPopup$1:
    965:965:void <init>(androidx.appcompat.widget.AppCompatSpinner$DropdownPopup,androidx.appcompat.widget.AppCompatSpinner) -> <init>
    968:974:void onItemClick(android.widget.AdapterView,android.view.View,int,long) -> onItemClick
androidx.appcompat.widget.AppCompatSpinner$DropdownPopup$2 -> androidx.appcompat.widget.AppCompatSpinner$DropdownPopup$2:
    1061:1061:void <init>(androidx.appcompat.widget.AppCompatSpinner$DropdownPopup) -> <init>
    1064:1073:void onGlobalLayout() -> onGlobalLayout
androidx.appcompat.widget.AppCompatSpinner$DropdownPopup$3 -> androidx.appcompat.widget.AppCompatSpinner$DropdownPopup$3:
    1076:1076:void <init>(androidx.appcompat.widget.AppCompatSpinner$DropdownPopup,android.view.ViewTreeObserver$OnGlobalLayoutListener) -> <init>
    1079:1083:void onDismiss() -> onDismiss
androidx.appcompat.widget.AppCompatSpinner$SavedState -> androidx.appcompat.widget.AppCompatSpinner$SavedState:
    663:663:void <clinit>() -> <clinit>
    649:650:void <init>(android.os.Parcelable) -> <init>
    653:655:void <init>(android.os.Parcel) -> <init>
    659:661:void writeToParcel(android.os.Parcel,int) -> writeToParcel
androidx.appcompat.widget.AppCompatSpinner$SavedState$1 -> androidx.appcompat.widget.AppCompatSpinner$SavedState$1:
    664:664:void <init>() -> <init>
    664:664:java.lang.Object createFromParcel(android.os.Parcel) -> createFromParcel
    666:666:androidx.appcompat.widget.AppCompatSpinner$SavedState createFromParcel(android.os.Parcel) -> createFromParcel
    664:664:java.lang.Object[] newArray(int) -> newArray
    670:670:androidx.appcompat.widget.AppCompatSpinner$SavedState[] newArray(int) -> newArray
androidx.appcompat.widget.AppCompatTextClassifierHelper -> androidx.appcompat.widget.AppCompatTextClassifierHelper:
    42:44:void <init>(android.widget.TextView) -> <init>
    62:70:android.view.textclassifier.TextClassifier getTextClassifier() -> getTextClassifier
    51:52:void setTextClassifier(android.view.textclassifier.TextClassifier) -> setTextClassifier
androidx.appcompat.widget.AppCompatTextHelper -> androidx.appcompat.widget.AppCompatTextHelper:
    74:77:void <init>(android.widget.TextView) -> <init>
    554:557:void applyCompoundDrawableTint(android.graphics.drawable.Drawable,androidx.appcompat.widget.TintInfo) -> applyCompoundDrawableTint
    536:551:void applyCompoundDrawablesTints() -> applyCompoundDrawablesTints
    592:593:void autoSizeText() -> autoSizeText
    561:568:androidx.appcompat.widget.TintInfo createTintInfo(android.content.Context,androidx.appcompat.widget.AppCompatDrawableManager,int) -> createTintInfo
    637:637:int getAutoSizeMaxTextSize() -> getAutoSizeMaxTextSize
    633:633:int getAutoSizeMinTextSize() -> getAutoSizeMinTextSize
    629:629:int getAutoSizeStepGranularity() -> getAutoSizeStepGranularity
    641:641:int[] getAutoSizeTextAvailableSizes() -> getAutoSizeTextAvailableSizes
    625:625:int getAutoSizeTextType() -> getAutoSizeTextType
    646:646:android.content.res.ColorStateList getCompoundDrawableTintList() -> getCompoundDrawableTintList
    660:660:android.graphics.PorterDuff$Mode getCompoundDrawableTintMode() -> getCompoundDrawableTintMode
    598:598:boolean isAutoSizeEnabled() -> isAutoSizeEnabled
    81:331:void loadFromAttributes(android.util.AttributeSet,int) -> loadFromAttributes
    574:577:void onLayout(boolean,int,int,int,int) -> onLayout
    532:533:void onSetCompoundDrawables() -> onSetCompoundDrawables
androidx.appcompat.widget.AppCompatTextHelper$ApplyTextViewCallback -> androidx.appcompat.widget.AppCompatTextHelper$ApplyTextViewCallback:
    379:383:void <init>(androidx.appcompat.widget.AppCompatTextHelper,int,int) -> <init>
    403:403:void onFontRetrievalFailed(int) -> onFontRetrievalFailed
    387:398:void onFontRetrieved(android.graphics.Typeface) -> onFontRetrieved